Choose an option from below:
1.Add element
2.Fetch element
3.Remove element
4.Display elements
5.Exit
Enter an element to insert
Choose an option from below:
1.Add element
2.Fetch element
3.Remove element
4.Display elements
5.Exit
Enter an index of element to fetch
Choose an option from below:
1.Add element
2.Fetch element
3.Remove element
4.Display elements
5.Exit
Enter an element to insert
Choose an option from below:
1.Add element
2.Fetch element
3.Remove element
4.Display elements
5.Exit
Enter an element to insert
Choose an option from below:
1.Add element
2.Fetch element
3.Remove element
4.Display elements
5.Exit
Enter an element to insert
Choose an option from below:
1.Add element
2.Fetch element
3.Remove element
4.Display elements
5.Exit
Enter an element to insert
Choose an option from below:
1.Add element
2.Fetch element
3.Remove element
4.Display elements
5.Exit
Enter an element to be removed:
Element is not found in the list
Choose an option from below:
1.Add element
2.Fetch element
3.Remove element
4.Display elements
5.Exit
Enter an element to be removed:
Choose an option from below:
1.Add element
2.Fetch element
3.Remove element
4.Display elements
5.Exit
Enter an element to insert
Choose an option from below:
1.Add element
2.Fetch element
3.Remove element
4.Display elements
5.Exit
Enter an element to insert
Choose an option from below:
1.Add element
2.Fetch element

Choose an option from below:
1.Add element
2.Fetch element
3.Remove element
4.Display elements
5.Exit
Enter an element to insert
Choose an option from below:
1.Add element
2.Fetch element
3.Remove element
4.Display elements
5.Exit
Enter an element to insert
Choose an option from below:
1.Add element
2.Fetch element
3.Remove element
4.Display elements
5.Exit
Enter an element to insert
Choose an option from below:
1.Add element
2.Fetch element
3.Remove element
4.Display elements
5.Exit
Enter an element to insert
Choose an option from below:
1.Add element
2.Fetch element
3.Remove element
4.Display elements
5.Exit
Enter an element to insert
Choose an option from below:
1.Add element
2.Fetch element
3.Remove element
4.Display elements
5.Exit
Enter an index of element to fetch

The element at position3is40

Choose an option from below:
1.Add element
2.Fetch element
3.Remove element
4.Display elements
5.Exit
Enter an element to be removed:
Element has been deleted successfully
Choose an option from below:
1.Add element
2.Fetch element
3.Remove element
4.Display elements
5.Exit
The elements in Array list are:
10 
20 
30 
50 


